<?xml version="1.0" encoding="UTF-8"?>
<!-- Generated by org.testng.reporters.JUnitReportReporter -->
<testsuite hostname="yash" failures="0" tests="12" name="com.OrangeHRMApplicationTestCases.OrangeHRMApplication_AddEmployeeTest" time="62.709" errors="0" timestamp="2024-03-05T16:57:46 IST" skipped="0">
  <testcase classname="com.OrangeHRMApplicationTestCases.OrangeHRMApplication_AddEmployeeTest" name="ExcelTestData" time="0.761"/>
  <system-out/>
  <testcase classname="com.OrangeHRMApplicationTestCases.OrangeHRMApplication_AddEmployeeTest" name="Validating_LoginPageTitle" time="0.042"/>
  <system-out/>
  <testcase classname="com.OrangeHRMApplicationTestCases.OrangeHRMApplication_AddEmployeeTest" name="ValidatingLogo" time="0.068"/>
  <system-out/>
  <testcase classname="com.OrangeHRMApplicationTestCases.OrangeHRMApplication_AddEmployeeTest" name="Validating_loginTest" time="2.681"/>
  <system-out/>
  <testcase classname="com.OrangeHRMApplicationTestCases.OrangeHRMApplication_AddEmployeeTest" name="Validating_PimTest" time="0.330"/>
  <system-out/>
  <testcase classname="com.OrangeHRMApplicationTestCases.OrangeHRMApplication_AddEmployeeTest" name="Validating_AddEmployeeTest" time="1.012"/>
  <system-out/>
  <testcase classname="com.OrangeHRMApplicationTestCases.OrangeHRMApplication_AddEmployeeTest" name="Validating_AddEmployeeText" time="0.100"/>
  <system-out/>
  <testcase classname="com.OrangeHRMApplicationTestCases.OrangeHRMApplication_AddEmployeeTest" name="Adding_AddEmployeeTestData" time="55.801"/>
  <system-out/>
  <testcase classname="com.OrangeHRMApplicationTestCases.OrangeHRMApplication_AddEmployeeTest" name="validatingHomePageAndLoginPage_Test" time="0.087"/>
  <system-out/>
  <testcase classname="com.OrangeHRMApplicationTestCases.OrangeHRMApplication_AddEmployeeTest" name="Validating_AddEmployeePage" time="0.374"/>
  <system-out/>
  <testcase classname="com.OrangeHRMApplicationTestCases.OrangeHRMApplication_AddEmployeeTest" name="Validating_logOutTest" time="1.332"/>
  <system-out/>
  <testcase classname="com.OrangeHRMApplicationTestCases.OrangeHRMApplication_AddEmployeeTest" name="validating_LoginPage" time="0.121"/>
  <system-out/>
</testsuite> <!-- com.OrangeHRMApplicationTestCases.OrangeHRMApplication_AddEmployeeTest -->
