<?xml version="1.0" encoding="UTF-8"?>
<!-- Generated by org.testng.reporters.JUnitReportReporter -->
<testsuite hostname="yash" failures="0" tests="1" name="com.EchoEcho.RadioButton" time="0.010" errors="0" timestamp="2024-03-03T12:41:13 IST" skipped="0">
  <testcase classname="com.EchoEcho.RadioButton" name="RadioButtonsTesting" time="0.010"/>
  <system-out/>
</testsuite> <!-- com.EchoEcho.RadioButton -->
