<?xml version="1.0" encoding="UTF-8"?>
<!-- Generated by org.testng.reporters.JUnitReportReporter -->
<testsuite hostname="yash" failures="0" tests="4" name="com.OrangeHRMApplicationTestCases.OrangeHRMApplication_EmployeeListTest" time="9.814" errors="0" timestamp="2024-03-05T16:57:46 IST" skipped="0">
  <testcase classname="com.OrangeHRMApplicationTestCases.OrangeHRMApplication_EmployeeListTest" name="Validting_LoginTest" time="2.577"/>
  <system-out/>
  <testcase classname="com.OrangeHRMApplicationTestCases.OrangeHRMApplication_EmployeeListTest" name="Validating_PimTest" time="0.197"/>
  <system-out/>
  <testcase classname="com.OrangeHRMApplicationTestCases.OrangeHRMApplication_EmployeeListTest" name="Validating_EmployeeListTest" time="1.623"/>
  <system-out/>
  <testcase classname="com.OrangeHRMApplicationTestCases.OrangeHRMApplication_EmployeeListTest" name="Validating_EmployeeListDetails" time="5.417"/>
  <system-out/>
</testsuite> <!-- com.OrangeHRMApplicationTestCases.OrangeHRMApplication_EmployeeListTest -->
