<?xml version="1.0" encoding="UTF-8"?>
<!-- Generated by org.testng.reporters.JUnitReportReporter -->
<testsuite hostname="yash" failures="0" tests="4" name="com.OrangeHRMApplicationTestCases.OrangeHRMApplication_LoginTest" time="43.803" errors="0" timestamp="2024-03-05T16:57:46 IST" skipped="0">
  <testcase classname="com.OrangeHRMApplicationTestCases.OrangeHRMApplication_LoginTest" name="ExcelTestData" time="0.526"/>
  <system-out/>
  <testcase classname="com.OrangeHRMApplicationTestCases.OrangeHRMApplication_LoginTest" name="Validating_LoginPageTitle" time="0.013"/>
  <system-out/>
  <testcase classname="com.OrangeHRMApplicationTestCases.OrangeHRMApplication_LoginTest" name="ValidatingLogo" time="0.083"/>
  <system-out/>
  <testcase classname="com.OrangeHRMApplicationTestCases.OrangeHRMApplication_LoginTest" name="Validating_LoginTest" time="43.181"/>
  <system-out/>
</testsuite> <!-- com.OrangeHRMApplicationTestCases.OrangeHRMApplication_LoginTest -->
